> Create symbol table (scope level 0)
package: main
func: main
> Create symbol table (scope level 1)
func_signature: ()V
> Insert `main` (addr: -1) to scope level 0
INT_LIT 3
INT_LIT 4
INT_LIT 5
POS
INT_LIT 8
NEG
ADD
MUL
SUB
INT_LIT 10
INT_LIT 7
QUO
SUB
PRINTLN int32
INT_LIT 3
INT_LIT 4
INT_LIT 5
POS
INT_LIT 8
NEG
ADD
MUL
SUB
INT_LIT 10
INT_LIT 7
QUO
SUB
INT_LIT 4
NEG
INT_LIT 3
REM
GTR
TRUE 1
NOT
FALSE 0
NOT
NOT
LAND
LOR
PRINTLN bool
FLOAT_LIT 3.000000
FLOAT_LIT 4.000000
FLOAT_LIT 5.000000
POS
FLOAT_LIT 8.000000
NEG
ADD
MUL
SUB
FLOAT_LIT 10.000000
FLOAT_LIT 7.000000
QUO
SUB
PRINTLN float32
FLOAT_LIT 3.000000
FLOAT_LIT 4.000000
FLOAT_LIT 5.000000
POS
FLOAT_LIT 8.000000
NEG
ADD
MUL
SUB
FLOAT_LIT 10.000000
FLOAT_LIT 7.000000
QUO
SUB
FLOAT_LIT 4.000000
NEG
GTR
TRUE 1
NOT
FALSE 0
NOT
NOT
LAND
LOR
PRINT bool

> Dump symbol table (scope level: 1)
Index     Name      Type      Addr      Lineno    Func_sig  


> Dump symbol table (scope level: 0)
Index     Name      Type      Addr      Lineno    Func_sig  
0         main      func      -1        3         ()V       

Total lines: 8
