> Create symbol table (scope level 0)
package: main
func: main
> Create symbol table (scope level 1)
func_signature: ()V
> Insert `main` (addr: -1) to scope level 0
INT_LIT 99
> Insert `height` (addr: 0) to scope level 1
> Create symbol table (scope level 2)
FLOAT_LIT 3.140000
> Insert `width` (addr: 1) to scope level 2
IDENT (name=width, address=1)
PRINTLN float32
IDENT (name=height, address=0)
PRINTLN int32

> Dump symbol table (scope level: 2)
Index     Name      Type      Addr      Lineno    Func_sig  
0         width     float32   1         6         -         

> Insert `length` (addr: 2) to scope level 1
> Create symbol table (scope level 2)
STRING_LIT hello world
> Insert `length` (addr: 3) to scope level 2
> Create symbol table (scope level 3)
TRUE 1
> Insert `length` (addr: 4) to scope level 3
IDENT (name=length, address=4)
PRINTLN bool

> Dump symbol table (scope level: 3)
Index     Name      Type      Addr      Lineno    Func_sig  
0         length    bool      4         14        -         

IDENT (name=length, address=3)
PRINTLN string

> Dump symbol table (scope level: 2)
Index     Name      Type      Addr      Lineno    Func_sig  
0         length    string    3         12        -         

IDENT (name=length, address=2)
PRINTLN float32

> Dump symbol table (scope level: 1)
Index     Name      Type      Addr      Lineno    Func_sig  
0         height    int32     0         4         -         
1         length    float32   2         10        -         


> Dump symbol table (scope level: 0)
Index     Name      Type      Addr      Lineno    Func_sig  
0         main      func      -1        3         ()V       

Total lines: 20
