> Create symbol table (scope level 0)
package: main
func: main
> Create symbol table (scope level 1)
func_signature: ()V
> Insert `main` (addr: -1) to scope level 0
> Insert `x` (addr: 0) to scope level 1
IDENT (name=x, address=0)
PRINTLN int32
IDENT (name=x, address=0)
INT_LIT 10
ASSIGN
IDENT (name=x, address=0)
PRINTLN int32
IDENT (name=x, address=0)
INT_LIT 2
ADD
IDENT (name=x, address=0)
PRINTLN int32
IDENT (name=x, address=0)
INT_LIT 3
SUB
IDENT (name=x, address=0)
PRINTLN int32
IDENT (name=x, address=0)
INT_LIT 4
MUL
IDENT (name=x, address=0)
PRINTLN int32
IDENT (name=x, address=0)
INT_LIT 5
QUO
IDENT (name=x, address=0)
PRINTLN int32
IDENT (name=x, address=0)
INT_LIT 6
REM
IDENT (name=x, address=0)
PRINTLN int32
FLOAT_LIT 3.140000
> Insert `yy` (addr: 1) to scope level 1
IDENT (name=yy, address=1)
PRINTLN float32
IDENT (name=yy, address=1)
FLOAT_LIT 10.400000
ASSIGN
IDENT (name=yy, address=1)
PRINTLN float32
IDENT (name=yy, address=1)
FLOAT_LIT 2.000000
ADD
IDENT (name=yy, address=1)
PRINTLN float32
IDENT (name=yy, address=1)
FLOAT_LIT 3.000000
SUB
IDENT (name=yy, address=1)
PRINTLN float32
IDENT (name=yy, address=1)
FLOAT_LIT 4.000000
MUL
IDENT (name=yy, address=1)
PRINTLN float32
IDENT (name=yy, address=1)
FLOAT_LIT 5.000000
QUO
IDENT (name=yy, address=1)
PRINTLN float32
> Insert `s` (addr: 2) to scope level 1
IDENT (name=s, address=2)
PRINTLN string
IDENT (name=s, address=2)
STRING_LIT Hello
ASSIGN
IDENT (name=s, address=2)
PRINTLN string
FALSE 0
> Insert `bbb` (addr: 3) to scope level 1
IDENT (name=bbb, address=3)
PRINTLN bool
IDENT (name=bbb, address=3)
TRUE 1
ASSIGN
IDENT (name=bbb, address=3)
PRINTLN bool

> Dump symbol table (scope level: 1)
Index     Name      Type      Addr      Lineno    Func_sig  
0         x         int32     0         4         -         
1         yy        float32   1         19        -         
2         s         string    2         32        -         
3         bbb       bool      3         37        -         


> Dump symbol table (scope level: 0)
Index     Name      Type      Addr      Lineno    Func_sig  
0         main      func      -1        3         ()V       

Total lines: 41
