> Create symbol table (scope level 0)
package: main
func: main
> Create symbol table (scope level 1)
func_signature: ()V
> Insert `main` (addr: -1) to scope level 0
INT_LIT 3
> Insert `x` (addr: 0) to scope level 1
FLOAT_LIT 3.140000
> Insert `y` (addr: 1) to scope level 1
> Insert `z1` (addr: 2) to scope level 1
> Insert `z2` (addr: 3) to scope level 1
IDENT (name=z1, address=2)
IDENT (name=x, address=0)
IDENT (name=y, address=1)
f2i
ADD
ASSIGN
IDENT (name=z2, address=3)
IDENT (name=x, address=0)
i2f
IDENT (name=y, address=1)
ADD
ASSIGN
IDENT (name=z1, address=2)
PRINTLN int32
IDENT (name=z2, address=3)
PRINTLN float32
IDENT (name=z1, address=2)
IDENT (name=x, address=0)
FLOAT_LIT 6.280000
f2i
ADD
ASSIGN
IDENT (name=z2, address=3)
INT_LIT 6
i2f
IDENT (name=y, address=1)
ADD
ASSIGN
IDENT (name=z1, address=2)
PRINTLN int32
IDENT (name=z2, address=3)
PRINTLN float32

> Dump symbol table (scope level: 1)
Index     Name      Type      Addr      Lineno    Func_sig  
0         x         int32     0         4         -         
1         y         float32   1         5         -         
2         z1        int32     2         6         -         
3         z2        float32   3         7         -         


> Dump symbol table (scope level: 0)
Index     Name      Type      Addr      Lineno    Func_sig  
0         main      func      -1        3         ()V       

Total lines: 16
