> Create symbol table (scope level 0)
package: main
func: main
> Create symbol table (scope level 1)
func_signature: ()V
> Insert `main` (addr: -1) to scope level 0
INT_LIT 0
> Insert `x` (addr: 0) to scope level 1
IDENT (name=x, address=0)
INT_LIT 0
EQL
> Create symbol table (scope level 2)
STRING_LIT Hello
PRINTLN string

> Dump symbol table (scope level: 2)
Index     Name      Type      Addr      Lineno    Func_sig  


> Dump symbol table (scope level: 1)
Index     Name      Type      Addr      Lineno    Func_sig  
0         x         int32     0         4         -         


> Dump symbol table (scope level: 0)
Index     Name      Type      Addr      Lineno    Func_sig  
0         main      func      -1        3         ()V       

Total lines: 11
