> Create symbol table (scope level 0)
package: main
func: main
> Create symbol table (scope level 1)
func_signature: ()V
> Insert `main` (addr: -1) to scope level 0
> Insert `x` (addr: 0) to scope level 1
> Insert `y` (addr: 1) to scope level 1
IDENT (name=x, address=0)
IDENT (name=y, address=1)
error:6: invalid operation: ADD (mismatched types int32 and float32)
ADD
IDENT (name=y, address=1)
IDENT (name=x, address=0)
error:7: invalid operation: SUB (mismatched types float32 and int32)
SUB
IDENT (name=x, address=0)
IDENT (name=y, address=1)
error:8: invalid operation: ASSIGN (mismatched types int32 and float32)
ASSIGN
INT_LIT 3
FLOAT_LIT 3.140000
error:9: invalid operation: ADD (mismatched types int32 and float32)
ADD
FLOAT_LIT 3.000000
FLOAT_LIT 3.140000
ADD
IDENT (name=x, address=0)
IDENT (name=y, address=1)
error:11: invalid operation: (operator REM not defined on float32)
REM
INT_LIT 3
IDENT (name=y, address=1)
error:12: invalid operation: (operator REM not defined on float32)
REM
INT_LIT 3
TRUE 1
error:14: invalid operation: (operator LAND not defined on int32)
LAND
FALSE 0
INT_LIT 2
INT_LIT 2
ADD
error:15: invalid operation: (operator LOR not defined on int32)
LOR
FLOAT_LIT 1.000000
error:17: non-bool (type float32) used as for condition
> Create symbol table (scope level 2)
FLOAT_LIT 1.000000
PRINTLN float32

> Dump symbol table (scope level: 2)
Index     Name      Type      Addr      Lineno    Func_sig  

IDENT (name=x, address=0)
INT_LIT 1
ADD
error:21: non-bool (type int32) used as for condition
> Create symbol table (scope level 2)
IDENT (name=x, address=0)
PRINTLN int32

> Dump symbol table (scope level: 2)
Index     Name      Type      Addr      Lineno    Func_sig  

FLOAT_LIT 2.000000
error:25: non-bool (type float32) used as for condition
> Create symbol table (scope level 2)
FLOAT_LIT 2.000000
PRINTLN float32

> Dump symbol table (scope level: 2)
Index     Name      Type      Addr      Lineno    Func_sig  

IDENT (name=x, address=0)
error:29: non-bool (type int32) used as for condition
> Create symbol table (scope level 2)
IDENT (name=x, address=0)
PRINTLN int32

> Dump symbol table (scope level: 2)
Index     Name      Type      Addr      Lineno    Func_sig  


> Dump symbol table (scope level: 1)
Index     Name      Type      Addr      Lineno    Func_sig  
0         x         int32     0         4         -         
1         y         float32   1         5         -         


> Dump symbol table (scope level: 0)
Index     Name      Type      Addr      Lineno    Func_sig  
0         main      func      -1        3         ()V       

Total lines: 32
